New Board created!
0 3 9 65 1 1 0 0
White pushes: a3
00000000
00000000
00000000
00000000
10000000
00000000
00000000
00000000

Black pushes: a3
00000000
00000000
00000000
00000000
00000000
00000000
10000000
00000000

White attacks: a3
00000000
00000000
00000000
00000000
01000000
00000000
00000000
00000000

Black attacks: a3
00000000
00000000
00000000
00000000
00000000
00000000
01000000
00000000

White pushes: b4
00000000
00000000
00000000
01000000
00000000
00000000
00000000
00000000

Black pushes: b4
00000000
00000000
00000000
00000000
00000000
01000000
00000000
00000000

White attacks: b4
00000000
00000000
00000000
10100000
00000000
00000000
00000000
00000000

Black attacks: b4
00000000
00000000
00000000
00000000
00000000
10100000
00000000
00000000

White pushes: c2
00000000
00000000
00000000
00000000
00100000
00100000
00000000
00000000

Black pushes: c2
00000000
00000000
00000000
00000000
00000000
00000000
00000000
00100000

White attacks: c2
00000000
00000000
00000000
00000000
00000000
01010000
00000000
00000000

Black attacks: c2
00000000
00000000
00000000
00000000
00000000
00000000
00000000
01010000

White pushes: f5
00000000
00000000
00000100
00000000
00000000
00000000
00000000
00000000

Black pushes: f5
00000000
00000000
00000000
00000000
00000100
00000000
00000000
00000000

White attacks: f5
00000000
00000000
00001010
00000000
00000000
00000000
00000000
00000000

Black attacks: f5
00000000
00000000
00000000
00000000
00001010
00000000
00000000
00000000

White pushes: g7
00000010
00000000
00000000
00000000
00000000
00000000
00000000
00000000

Black pushes: g7
00000000
00000000
00000010
00000010
00000000
00000000
00000000
00000000

White attacks: g7
00000101
00000000
00000000
00000000
00000000
00000000
00000000
00000000

Black attacks: g7
00000000
00000000
00000101
00000000
00000000
00000000
00000000
00000000

8  r n b . . k . r
7  p p . P b p p p
6  . . p . . . . .
5  q . . . . . . .
4  . . B . . . . .
3  . . . . . . . .
2  P P P Q N n P P
1  R N B . K . . R

   a b c d e f g h
enPassantSquare: NoSquare


black
11100101
11001111
00100000
10000000
00000000
00000000
00000100
00000000

white
00000000
00010000
00000000
00000000
00100000
00000000
11111011
11101001

king
00000100
00000000
00000000
00000000
00000000
00000000
00000000
00001000

queen
00000000
00000000
00000000
10000000
00000000
00000000
00010000
00000000

rook
10000001
00000000
00000000
00000000
00000000
00000000
00000000
10000001

bishop
00100000
00001000
00000000
00000000
00100000
00000000
00000000
00100000

knight
01000000
00000000
00000000
00000000
00000000
00000000
00001100
01000000

pawn
00000000
11010111
00100000
00000000
00000000
00000000
11100011
00000000

New game created!
